Sender: LSF System <lsfadmin@lh06c12>
Subject: Job 76225384: <jupyter> in cluster <chimera> Exited

Job <jupyter> was submitted from host <li03c03> by user <qasims01> in cluster <chimera> at Thu Dec 29 11:27:59 2022
Job was executed on host(s) <4*lh06c12>, in queue <premium>, as user <qasims01> in cluster <chimera> at Thu Dec 29 11:28:03 2022
</hpc/users/qasims01> was used as the home directory.
</hpc/users/qasims01/resources/LFPAnalysis> was used as the working directory.
Started at Thu Dec 29 11:28:03 2022
Terminated at Thu Dec 29 13:07:37 2022
Results reported at Thu Dec 29 13:07:37 2022

Your job looked like:

------------------------------------------------------------
# LSBATCH: User input
#!/bin/bash

## Auto generated script for jupyter web job.

#BSUB -J jupyter
#BSUB -n 4
#BSUB -M 3000
#BSUB -P acc_guLab
#BSUB -q premium 
#BSUB -R "rusage[mem=3000] span[hosts=1]"
#BSUB -W 6:00
#BSUB -oo jupyter_%J.out
#BSUB -eo jupyter_%J.err


# Set up proxy
export http_proxy=http://172.28.7.1:3128
export https_proxy=http://172.28.7.1:3128
export all_proxy=http://172.28.7.1:3128
export no_proxy=localhost,*.hpc.mssm.edu,*.chimera.hpc.mssm.edu,172.28.0.0/16

ml purge

ml anaconda3
ml -python
source activate MinervaMNE
which jupyter
ml

# remote host li03c03
remote_host="10.95.46.103"

# set remote port to be 4+last 4 digit of jobid. $LSB_JOBID
remote_port="4$(echo $LSB_JOBID|cut -c 5-)"


local_used_ports=$(netstat -4 -ltn | grep LISTEN | awk '{ print $4 }' | awk -F":" '{ print $2 }' )

for p in {8888..9999}
do
	if [[ $local_used_ports != *$p* ]];
	then
		echo "Using local port $p"
		break
	fi
done

unset XDG_RUNTIME_DIR

jupyter notebook --no-browser --ip=0.0.0.0 --port=$p &

(... more ...)
------------------------------------------------------------

TERM_OWNER: job killed by owner.
Exited with signal termination: 14.

Resource usage summary:

    CPU time :                                   38.00 sec.
    Max Memory :                                 4293 MB
    Average Memory :                             4144.82 MB
    Total Requested Memory :                     12000.00 MB
    Delta Memory :                               7707.00 MB
    Max Swap :                                   -
    Max Processes :                              5
    Max Threads :                                22
    Run time :                                   5973 sec.
    Turnaround time :                            5978 sec.

The output (if any) follows:

/hpc/packages/minerva-centos7/anaconda3/2018.12/bin/jupyter
Using local port 8888
Jupyter Notebook is started on compute node lh06c12, port 8888



PS:

Read file <jupyter_76225384.err> for stderr output of this job.

